<?xml version="1.0" encoding="UTF-8"?>
<!-- Generated by org.testng.reporters.JUnitXMLReporter -->
<testsuite hostname="CybertekSchools-iMac-2.local" ignored="4" name="Default test" tests="1" failures="0" timestamp="08 Jan 2019 03:33:40 GMT" time="0.117" errors="0">
  <testcase name="JDBCMetadata" time="0.102" classname="com.bookit.tests.JDBCTests"/>
  <testcase name="testWithDBUtils2" time="0.0" classname="com.bookit.tests.JDBCTests">
    <ignored/>
  </testcase> <!-- testWithDBUtils2 -->
  <testcase name="PostGReSQL" time="0.0" classname="com.bookit.tests.JDBCTests">
    <ignored/>
  </testcase> <!-- PostGReSQL -->
  <testcase name="testWithDBUtils" time="0.0" classname="com.bookit.tests.JDBCTests">
    <ignored/>
  </testcase> <!-- testWithDBUtils -->
  <testcase name="DbUtils" time="0.0" classname="com.bookit.tests.JDBCTests">
    <ignored/>
  </testcase> <!-- DbUtils -->
</testsuite> <!-- Default test -->
