<?xml version="1.0" encoding="UTF-8"?>
<testng-results skipped="0" failed="0" ignored="5" total="6" passed="1">
  <reporter-output>
  </reporter-output>
  <suite name="Default suite" duration-ms="278" started-at="2019-01-08T21:02:36Z" finished-at="2019-01-08T21:02:36Z">
    <groups>
    </groups>
    <test name="Default test" duration-ms="278" started-at="2019-01-08T21:02:36Z" finished-at="2019-01-08T21:02:36Z">
      <class name="com.bookit.tests.JDBCTest">
        <test-method status="PASS" signature="useDBUtils2()[pri:0, instance:com.bookit.tests.JDBCTest@39c0f4a]" name="useDBUtils2" duration-ms="227" started-at="2019-01-08T21:02:36Z" finished-at="2019-01-08T21:02:36Z">
          <reporter-output>
          </reporter-output>
        </test-method> <!-- useDBUtils2 -->
      </class> <!-- com.bookit.tests.JDBCTest -->
    </test> <!-- Default test -->
  </suite> <!-- Default suite -->
</testng-results>
